<?xml version="1.0" encoding="UTF-8"?>
<testsuite xmlns:xsi="http://www.w3.org/2001/XMLSchema-instance" xsi:noNamespaceSchemaLocation="https://maven.apache.org/surefire/maven-surefire-plugin/xsd/surefire-test-report.xsd" version="3.0.2" name="xyz.tcheeric.nap.it.InMemoryNapServerTest" time="0.814" tests="4" errors="0" skipped="0" failures="0">
  <properties>
[...]
</properties>
  <testcase name="issueChallenge_invalidNpub_returnsFailure" classname="xyz.tcheeric.nap.it.InMemoryNapServerTest" time="0.673"/>
  <testcase name="verifyCompletion_malformedBody_returnsMalformed" classname="xyz.tcheeric.nap.it.InMemoryNapServerTest" time="0.019"/>
  <testcase name="verifyCompletion_noAuthHeader_returnsFailure" classname="xyz.tcheeric.nap.it.InMemoryNapServerTest" time="0.022"/>
  <testcase name="issueChallenge_validNpub_returnsSuccess" classname="xyz.tcheeric.nap.it.InMemoryNapServerTest" time="0.054"/>
</testsuite>